{"total": {"lines":{"total":317,"covered":307,"skipped":0,"pct":96.84},"statements":{"total":335,"covered":323,"skipped":0,"pct":96.41},"functions":{"total":85,"covered":81,"skipped":0,"pct":95.29},"branches":{"total":140,"covered":122,"skipped":0,"pct":87.14},"branchesTrue":{"total":0,"covered":0,"skipped":0,"pct":100}}
,"/mnt/d/Code/AI-Recruitment-Clerk/libs/user-management-domain/src/index.ts": {"lines":{"total":57,"covered":51,"skipped":0,"pct":89.47},"functions":{"total":5,"covered":3,"skipped":0,"pct":60},"statements":{"total":57,"covered":51,"skipped":0,"pct":89.47},"branches":{"total":16,"covered":6,"skipped":0,"pct":37.5}}
,"/mnt/d/Code/AI-Recruitment-Clerk/libs/user-management-domain/src/entities/user.entity.ts": {"lines":{"total":64,"covered":62,"skipped":0,"pct":96.87},"functions":{"total":13,"covered":11,"skipped":0,"pct":84.61},"statements":{"total":66,"covered":64,"skipped":0,"pct":96.96},"branches":{"total":32,"covered":31,"skipped":0,"pct":96.87}}
,"/mnt/d/Code/AI-Recruitment-Clerk/libs/user-management-domain/src/permissions/permission.service.ts": {"lines":{"total":47,"covered":47,"skipped":0,"pct":100},"functions":{"total":23,"covered":23,"skipped":0,"pct":100},"statements":{"total":51,"covered":51,"skipped":0,"pct":100},"branches":{"total":22,"covered":20,"skipped":0,"pct":90.9}}
,"/mnt/d/Code/AI-Recruitment-Clerk/libs/user-management-domain/src/roles/role.service.ts": {"lines":{"total":65,"covered":65,"skipped":0,"pct":100},"functions":{"total":21,"covered":21,"skipped":0,"pct":100},"statements":{"total":69,"covered":69,"skipped":0,"pct":100},"branches":{"total":29,"covered":29,"skipped":0,"pct":100}}
,"/mnt/d/Code/AI-Recruitment-Clerk/libs/user-management-domain/src/services/user.service.ts": {"lines":{"total":84,"covered":82,"skipped":0,"pct":97.61},"functions":{"total":23,"covered":23,"skipped":0,"pct":100},"statements":{"total":92,"covered":88,"skipped":0,"pct":95.65},"branches":{"total":41,"covered":36,"skipped":0,"pct":87.8}}
}
