{"/mnt/d/Code/AI-Recruitment-Clerk/libs/user-management-domain/src/index.ts": {"path":"/mnt/d/Code/AI-Recruitment-Clerk/libs/user-management-domain/src/index.ts","statementMap":{"0":{"start":{"line":408,"column":0},"end":{"line":408,"column":16}},"1":{"start":{"line":10,"column":0},"end":{"line":10,"column":31}},"2":{"start":{"line":11,"column":0},"end":{"line":11,"column":36}},"3":{"start":{"line":12,"column":0},"end":{"line":12,"column":39}},"4":{"start":{"line":135,"column":0},"end":{"line":135,"column":null}},"5":{"start":{"line":138,"column":2},"end":{"line":138,"column":null}},"6":{"start":{"line":140,"column":2},"end":{"line":140,"column":null}},"7":{"start":{"line":142,"column":2},"end":{"line":142,"column":null}},"8":{"start":{"line":144,"column":2},"end":{"line":144,"column":null}},"9":{"start":{"line":146,"column":2},"end":{"line":146,"column":null}},"10":{"start":{"line":148,"column":2},"end":{"line":148,"column":null}},"11":{"start":{"line":152,"column":2},"end":{"line":152,"column":null}},"12":{"start":{"line":154,"column":2},"end":{"line":154,"column":null}},"13":{"start":{"line":156,"column":2},"end":{"line":156,"column":null}},"14":{"start":{"line":158,"column":2},"end":{"line":158,"column":null}},"15":{"start":{"line":160,"column":2},"end":{"line":160,"column":null}},"16":{"start":{"line":162,"column":2},"end":{"line":162,"column":null}},"17":{"start":{"line":164,"column":2},"end":{"line":164,"column":null}},"18":{"start":{"line":168,"column":2},"end":{"line":168,"column":null}},"19":{"start":{"line":170,"column":2},"end":{"line":170,"column":null}},"20":{"start":{"line":172,"column":2},"end":{"line":172,"column":null}},"21":{"start":{"line":174,"column":2},"end":{"line":174,"column":null}},"22":{"start":{"line":176,"column":2},"end":{"line":176,"column":null}},"23":{"start":{"line":178,"column":2},"end":{"line":178,"column":null}},"24":{"start":{"line":180,"column":2},"end":{"line":180,"column":null}},"25":{"start":{"line":182,"column":2},"end":{"line":182,"column":null}},"26":{"start":{"line":184,"column":2},"end":{"line":184,"column":null}},"27":{"start":{"line":186,"column":2},"end":{"line":186,"column":null}},"28":{"start":{"line":188,"column":2},"end":{"line":188,"column":null}},"29":{"start":{"line":190,"column":2},"end":{"line":190,"column":null}},"30":{"start":{"line":192,"column":2},"end":{"line":192,"column":null}},"31":{"start":{"line":194,"column":2},"end":{"line":194,"column":null}},"32":{"start":{"line":196,"column":2},"end":{"line":196,"column":null}},"33":{"start":{"line":198,"column":2},"end":{"line":198,"column":null}},"34":{"start":{"line":200,"column":2},"end":{"line":200,"column":null}},"35":{"start":{"line":202,"column":2},"end":{"line":202,"column":null}},"36":{"start":{"line":204,"column":2},"end":{"line":204,"column":null}},"37":{"start":{"line":206,"column":2},"end":{"line":206,"column":null}},"38":{"start":{"line":208,"column":2},"end":{"line":208,"column":null}},"39":{"start":{"line":210,"column":2},"end":{"line":210,"column":null}},"40":{"start":{"line":212,"column":2},"end":{"line":212,"column":null}},"41":{"start":{"line":387,"column":0},"end":{"line":387,"column":null}},"42":{"start":{"line":388,"column":2},"end":{"line":388,"column":null}},"43":{"start":{"line":389,"column":2},"end":{"line":389,"column":null}},"44":{"start":{"line":390,"column":2},"end":{"line":390,"column":null}},"45":{"start":{"line":391,"column":2},"end":{"line":391,"column":null}},"46":{"start":{"line":394,"column":0},"end":{"line":394,"column":null}},"47":{"start":{"line":395,"column":2},"end":{"line":395,"column":null}},"48":{"start":{"line":396,"column":2},"end":{"line":396,"column":null}},"49":{"start":{"line":397,"column":2},"end":{"line":397,"column":null}},"50":{"start":{"line":398,"column":2},"end":{"line":398,"column":null}},"51":{"start":{"line":412,"column":2},"end":{"line":414,"column":3}},"52":{"start":{"line":413,"column":4},"end":{"line":413,"column":16}},"53":{"start":{"line":416,"column":2},"end":{"line":418,"column":3}},"54":{"start":{"line":417,"column":4},"end":{"line":417,"column":17}},"55":{"start":{"line":420,"column":2},"end":{"line":422,"column":4}},"56":{"start":{"line":421,"column":4},"end":{"line":421,"column":40}}},"fnMap":{"0":{"name":"(anonymous_0)","decl":{"start":{"line":135,"column":0},"end":{"line":135,"column":12}},"loc":{"start":{"line":135,"column":22},"end":{"line":213,"column":1}}},"1":{"name":"(anonymous_1)","decl":{"start":{"line":387,"column":0},"end":{"line":387,"column":12}},"loc":{"start":{"line":387,"column":20},"end":{"line":392,"column":1}}},"2":{"name":"(anonymous_2)","decl":{"start":{"line":394,"column":0},"end":{"line":394,"column":12}},"loc":{"start":{"line":394,"column":22},"end":{"line":399,"column":1}}},"3":{"name":"hasAllPermissions","decl":{"start":{"line":408,"column":16},"end":{"line":408,"column":33}},"loc":{"start":{"line":410,"column":36},"end":{"line":423,"column":1}}},"4":{"name":"(anonymous_4)","decl":{"start":{"line":420,"column":35},"end":{"line":420,"column":36}},"loc":{"start":{"line":421,"column":4},"end":{"line":421,"column":40}}}},"branchMap":{"0":{"loc":{"start":{"line":135,"column":12},"end":{"line":135,"column":null}},"type":"binary-expr","locations":[{"start":{"line":135,"column":12},"end":{"line":135,"column":22}},{"start":{"line":135,"column":22},"end":{"line":135,"column":null}}]},"1":{"loc":{"start":{"line":387,"column":12},"end":{"line":387,"column":null}},"type":"binary-expr","locations":[{"start":{"line":387,"column":12},"end":{"line":387,"column":20}},{"start":{"line":387,"column":20},"end":{"line":387,"column":null}}]},"2":{"loc":{"start":{"line":394,"column":12},"end":{"line":394,"column":null}},"type":"binary-expr","locations":[{"start":{"line":394,"column":12},"end":{"line":394,"column":22}},{"start":{"line":394,"column":22},"end":{"line":394,"column":null}}]},"3":{"loc":{"start":{"line":409,"column":2},"end":{"line":409,"column":32}},"type":"default-arg","locations":[{"start":{"line":409,"column":30},"end":{"line":409,"column":32}}]},"4":{"loc":{"start":{"line":410,"column":2},"end":{"line":410,"column":36}},"type":"default-arg","locations":[{"start":{"line":410,"column":34},"end":{"line":410,"column":36}}]},"5":{"loc":{"start":{"line":412,"column":2},"end":{"line":414,"column":3}},"type":"if","locations":[{"start":{"line":412,"column":2},"end":{"line":414,"column":3}},{"start":{},"end":{}}]},"6":{"loc":{"start":{"line":412,"column":6},"end":{"line":412,"column":62}},"type":"binary-expr","locations":[{"start":{"line":412,"column":6},"end":{"line":412,"column":26}},{"start":{"line":412,"column":30},"end":{"line":412,"column":62}}]},"7":{"loc":{"start":{"line":416,"column":2},"end":{"line":418,"column":3}},"type":"if","locations":[{"start":{"line":416,"column":2},"end":{"line":418,"column":3}},{"start":{},"end":{}}]},"8":{"loc":{"start":{"line":416,"column":6},"end":{"line":416,"column":54}},"type":"binary-expr","locations":[{"start":{"line":416,"column":6},"end":{"line":416,"column":22}},{"start":{"line":416,"column":26},"end":{"line":416,"column":54}}]}},"s":{"0":4,"1":4,"2":4,"3":4,"4":4,"5":4,"6":4,"7":4,"8":4,"9":4,"10":4,"11":4,"12":4,"13":4,"14":4,"15":4,"16":4,"17":4,"18":4,"19":4,"20":4,"21":4,"22":4,"23":4,"24":4,"25":4,"26":4,"27":4,"28":4,"29":4,"30":4,"31":4,"32":4,"33":4,"34":4,"35":4,"36":4,"37":4,"38":4,"39":4,"40":4,"41":4,"42":4,"43":4,"44":4,"45":4,"46":4,"47":4,"48":4,"49":4,"50":4,"51":0,"52":0,"53":0,"54":0,"55":0,"56":0},"f":{"0":4,"1":4,"2":4,"3":0,"4":0},"b":{"0":[4,4],"1":[4,4],"2":[4,4],"3":[0],"4":[0],"5":[0,0],"6":[0,0],"7":[0,0],"8":[0,0]}}
,"/mnt/d/Code/AI-Recruitment-Clerk/libs/user-management-domain/src/entities/user.entity.ts": {"path":"/mnt/d/Code/AI-Recruitment-Clerk/libs/user-management-domain/src/entities/user.entity.ts","statementMap":{"0":{"start":{"line":1,"column":0},"end":{"line":1,"column":null}},"1":{"start":{"line":11,"column":0},"end":{"line":11,"column":41}},"2":{"start":{"line":12,"column":0},"end":{"line":12,"column":48}},"3":{"start":{"line":49,"column":2},"end":{"line":49,"column":42}},"4":{"start":{"line":52,"column":2},"end":{"line":52,"column":28}},"5":{"start":{"line":70,"column":4},"end":{"line":70,"column":33}},"6":{"start":{"line":71,"column":4},"end":{"line":71,"column":53}},"7":{"start":{"line":72,"column":4},"end":{"line":72,"column":53}},"8":{"start":{"line":84,"column":29},"end":{"line":84,"column":31}},"9":{"start":{"line":86,"column":4},"end":{"line":90,"column":5}},"10":{"start":{"line":87,"column":6},"end":{"line":87,"column":39}},"11":{"start":{"line":88,"column":11},"end":{"line":90,"column":5}},"12":{"start":{"line":89,"column":6},"end":{"line":89,"column":42}},"13":{"start":{"line":92,"column":4},"end":{"line":98,"column":5}},"14":{"start":{"line":93,"column":6},"end":{"line":93,"column":42}},"15":{"start":{"line":94,"column":11},"end":{"line":98,"column":5}},"16":{"start":{"line":95,"column":6},"end":{"line":95,"column":60}},"17":{"start":{"line":96,"column":11},"end":{"line":98,"column":5}},"18":{"start":{"line":97,"column":6},"end":{"line":97,"column":76}},"19":{"start":{"line":100,"column":4},"end":{"line":100,"column":50}},"20":{"start":{"line":109,"column":19},"end":{"line":109,"column":36}},"21":{"start":{"line":110,"column":4},"end":{"line":110,"column":70}},"22":{"start":{"line":117,"column":4},"end":{"line":117,"column":48}},"23":{"start":{"line":128,"column":29},"end":{"line":128,"column":31}},"24":{"start":{"line":130,"column":4},"end":{"line":136,"column":5}},"25":{"start":{"line":131,"column":6},"end":{"line":135,"column":7}},"26":{"start":{"line":132,"column":8},"end":{"line":132,"column":44}},"27":{"start":{"line":134,"column":8},"end":{"line":134,"column":35}},"28":{"start":{"line":138,"column":4},"end":{"line":140,"column":5}},"29":{"start":{"line":139,"column":6},"end":{"line":139,"column":41}},"30":{"start":{"line":142,"column":4},"end":{"line":144,"column":5}},"31":{"start":{"line":143,"column":6},"end":{"line":143,"column":39}},"32":{"start":{"line":146,"column":4},"end":{"line":148,"column":5}},"33":{"start":{"line":147,"column":6},"end":{"line":147,"column":34}},"34":{"start":{"line":150,"column":4},"end":{"line":150,"column":52}},"35":{"start":{"line":157,"column":4},"end":{"line":157,"column":36}},"36":{"start":{"line":158,"column":4},"end":{"line":158,"column":25}},"37":{"start":{"line":159,"column":4},"end":{"line":159,"column":32}},"38":{"start":{"line":166,"column":4},"end":{"line":166,"column":38}},"39":{"start":{"line":167,"column":4},"end":{"line":167,"column":26}},"40":{"start":{"line":168,"column":4},"end":{"line":168,"column":32}},"41":{"start":{"line":175,"column":4},"end":{"line":175,"column":39}},"42":{"start":{"line":176,"column":4},"end":{"line":176,"column":26}},"43":{"start":{"line":177,"column":4},"end":{"line":177,"column":32}},"44":{"start":{"line":184,"column":58},"end":{"line":189,"column":6}},"45":{"start":{"line":191,"column":4},"end":{"line":191,"column":66}},"46":{"start":{"line":198,"column":4},"end":{"line":200,"column":5}},"47":{"start":{"line":199,"column":6},"end":{"line":199,"column":50}},"48":{"start":{"line":201,"column":4},"end":{"line":201,"column":39}},"49":{"start":{"line":208,"column":4},"end":{"line":208,"column":34}},"50":{"start":{"line":17,"column":0},"end":{"line":17,"column":13}},"51":{"start":{"line":19,"column":2},"end":{"line":19,"column":null}},"52":{"start":{"line":22,"column":2},"end":{"line":22,"column":null}},"53":{"start":{"line":26,"column":2},"end":{"line":26,"column":null}},"54":{"start":{"line":30,"column":2},"end":{"line":30,"column":null}},"55":{"start":{"line":34,"column":2},"end":{"line":34,"column":null}},"56":{"start":{"line":38,"column":2},"end":{"line":38,"column":null}},"57":{"start":{"line":42,"column":2},"end":{"line":42,"column":null}},"58":{"start":{"line":46,"column":2},"end":{"line":46,"column":null}},"59":{"start":{"line":49,"column":2},"end":{"line":49,"column":null}},"60":{"start":{"line":52,"column":2},"end":{"line":52,"column":null}},"61":{"start":{"line":56,"column":2},"end":{"line":56,"column":null}},"62":{"start":{"line":55,"column":14},"end":{"line":55,"column":18}},"63":{"start":{"line":60,"column":2},"end":{"line":60,"column":null}},"64":{"start":{"line":59,"column":14},"end":{"line":59,"column":18}},"65":{"start":{"line":64,"column":2},"end":{"line":64,"column":null}}},"fnMap":{"0":{"name":"(anonymous_0)","decl":{"start":{"line":69,"column":2},"end":{"line":69,"column":14}},"loc":{"start":{"line":69,"column":36},"end":{"line":73,"column":3}}},"1":{"name":"(anonymous_1)","decl":{"start":{"line":78,"column":2},"end":{"line":78,"column":8}},"loc":{"start":{"line":83,"column":3},"end":{"line":101,"column":3}}},"2":{"name":"(anonymous_2)","decl":{"start":{"line":107,"column":2},"end":{"line":107,"column":8}},"loc":{"start":{"line":107,"column":38},"end":{"line":111,"column":3}}},"3":{"name":"(anonymous_3)","decl":{"start":{"line":116,"column":2},"end":{"line":116,"column":8}},"loc":{"start":{"line":116,"column":54},"end":{"line":118,"column":3}}},"4":{"name":"(anonymous_4)","decl":{"start":{"line":123,"column":2},"end":{"line":123,"column":15}},"loc":{"start":{"line":127,"column":3},"end":{"line":151,"column":3}}},"5":{"name":"(anonymous_5)","decl":{"start":{"line":156,"column":2},"end":{"line":156,"column":10}},"loc":{"start":{"line":156,"column":10},"end":{"line":160,"column":3}}},"6":{"name":"(anonymous_6)","decl":{"start":{"line":165,"column":2},"end":{"line":165,"column":12}},"loc":{"start":{"line":165,"column":12},"end":{"line":169,"column":3}}},"7":{"name":"(anonymous_7)","decl":{"start":{"line":174,"column":2},"end":{"line":174,"column":9}},"loc":{"start":{"line":174,"column":9},"end":{"line":178,"column":3}}},"8":{"name":"(anonymous_8)","decl":{"start":{"line":183,"column":2},"end":{"line":183,"column":17}},"loc":{"start":{"line":183,"column":39},"end":{"line":192,"column":3}}},"9":{"name":"(anonymous_9)","decl":{"start":{"line":197,"column":2},"end":{"line":197,"column":13}},"loc":{"start":{"line":197,"column":13},"end":{"line":202,"column":3}}},"10":{"name":"(anonymous_10)","decl":{"start":{"line":207,"column":2},"end":{"line":207,"column":13}},"loc":{"start":{"line":207,"column":13},"end":{"line":209,"column":3}}},"11":{"name":"(anonymous_11)","decl":{"start":{"line":55,"column":8},"end":{"line":55,"column":11}},"loc":{"start":{"line":55,"column":14},"end":{"line":55,"column":18}}},"12":{"name":"(anonymous_12)","decl":{"start":{"line":59,"column":8},"end":{"line":59,"column":11}},"loc":{"start":{"line":59,"column":14},"end":{"line":59,"column":18}}}},"branchMap":{"0":{"loc":{"start":{"line":71,"column":21},"end":{"line":71,"column":52}},"type":"binary-expr","locations":[{"start":{"line":71,"column":21},"end":{"line":71,"column":38}},{"start":{"line":71,"column":42},"end":{"line":71,"column":52}}]},"1":{"loc":{"start":{"line":72,"column":21},"end":{"line":72,"column":52}},"type":"binary-expr","locations":[{"start":{"line":72,"column":21},"end":{"line":72,"column":38}},{"start":{"line":72,"column":42},"end":{"line":72,"column":52}}]},"2":{"loc":{"start":{"line":86,"column":4},"end":{"line":90,"column":5}},"type":"if","locations":[{"start":{"line":86,"column":4},"end":{"line":90,"column":5}},{"start":{"line":88,"column":11},"end":{"line":90,"column":5}}]},"3":{"loc":{"start":{"line":88,"column":11},"end":{"line":90,"column":5}},"type":"if","locations":[{"start":{"line":88,"column":11},"end":{"line":90,"column":5}},{"start":{},"end":{}}]},"4":{"loc":{"start":{"line":92,"column":4},"end":{"line":98,"column":5}},"type":"if","locations":[{"start":{"line":92,"column":4},"end":{"line":98,"column":5}},{"start":{"line":94,"column":11},"end":{"line":98,"column":5}}]},"5":{"loc":{"start":{"line":94,"column":11},"end":{"line":98,"column":5}},"type":"if","locations":[{"start":{"line":94,"column":11},"end":{"line":98,"column":5}},{"start":{"line":96,"column":11},"end":{"line":98,"column":5}}]},"6":{"loc":{"start":{"line":96,"column":11},"end":{"line":98,"column":5}},"type":"if","locations":[{"start":{"line":96,"column":11},"end":{"line":98,"column":5}},{"start":{},"end":{}}]},"7":{"loc":{"start":{"line":130,"column":4},"end":{"line":136,"column":5}},"type":"if","locations":[{"start":{"line":130,"column":4},"end":{"line":136,"column":5}},{"start":{},"end":{}}]},"8":{"loc":{"start":{"line":131,"column":6},"end":{"line":135,"column":7}},"type":"if","locations":[{"start":{"line":131,"column":6},"end":{"line":135,"column":7}},{"start":{"line":133,"column":13},"end":{"line":135,"column":7}}]},"9":{"loc":{"start":{"line":138,"column":4},"end":{"line":140,"column":5}},"type":"if","locations":[{"start":{"line":138,"column":4},"end":{"line":140,"column":5}},{"start":{},"end":{}}]},"10":{"loc":{"start":{"line":142,"column":4},"end":{"line":144,"column":5}},"type":"if","locations":[{"start":{"line":142,"column":4},"end":{"line":144,"column":5}},{"start":{},"end":{}}]},"11":{"loc":{"start":{"line":146,"column":4},"end":{"line":148,"column":5}},"type":"if","locations":[{"start":{"line":146,"column":4},"end":{"line":148,"column":5}},{"start":{},"end":{}}]},"12":{"loc":{"start":{"line":191,"column":11},"end":{"line":191,"column":65}},"type":"binary-expr","locations":[{"start":{"line":191,"column":11},"end":{"line":191,"column":56}},{"start":{"line":191,"column":60},"end":{"line":191,"column":65}}]},"13":{"loc":{"start":{"line":198,"column":4},"end":{"line":200,"column":5}},"type":"if","locations":[{"start":{"line":198,"column":4},"end":{"line":200,"column":5}},{"start":{},"end":{}}]},"14":{"loc":{"start":{"line":198,"column":8},"end":{"line":198,"column":39}},"type":"binary-expr","locations":[{"start":{"line":198,"column":8},"end":{"line":198,"column":22}},{"start":{"line":198,"column":26},"end":{"line":198,"column":39}}]},"15":{"loc":{"start":{"line":201,"column":11},"end":{"line":201,"column":38}},"type":"binary-expr","locations":[{"start":{"line":201,"column":11},"end":{"line":201,"column":24}},{"start":{"line":201,"column":28},"end":{"line":201,"column":38}}]}},"s":{"0":2,"1":2,"2":2,"3":30,"4":30,"5":30,"6":30,"7":30,"8":15,"9":15,"10":1,"11":14,"12":2,"13":15,"14":1,"15":14,"16":2,"17":12,"18":3,"19":15,"20":13,"21":13,"22":2,"23":6,"24":6,"25":4,"26":2,"27":2,"28":6,"29":2,"30":6,"31":2,"32":6,"33":4,"34":6,"35":1,"36":1,"37":1,"38":1,"39":1,"40":1,"41":1,"42":1,"43":1,"44":8,"45":8,"46":3,"47":1,"48":2,"49":1,"50":2,"51":2,"52":2,"53":2,"54":2,"55":2,"56":2,"57":2,"58":2,"59":2,"60":2,"61":2,"62":0,"63":2,"64":0,"65":2},"f":{"0":30,"1":15,"2":13,"3":2,"4":6,"5":1,"6":1,"7":1,"8":8,"9":3,"10":1,"11":0,"12":0},"b":{"0":[30,30],"1":[30,30],"2":[1,14],"3":[2,12],"4":[1,14],"5":[2,12],"6":[3,9],"7":[4,2],"8":[2,2],"9":[2,4],"10":[2,4],"11":[4,2],"12":[8,0],"13":[1,2],"14":[3,1],"15":[2,1]}}
,"/mnt/d/Code/AI-Recruitment-Clerk/libs/user-management-domain/src/permissions/permission.service.ts": {"path":"/mnt/d/Code/AI-Recruitment-Clerk/libs/user-management-domain/src/permissions/permission.service.ts","statementMap":{"0":{"start":{"line":1,"column":0},"end":{"line":1,"column":44}},"1":{"start":{"line":2,"column":0},"end":{"line":2,"column":48}},"2":{"start":{"line":16,"column":7},"end":{"line":284,"column":null}},"3":{"start":{"line":20,"column":19},"end":{"line":92,"column":5}},"4":{"start":{"line":101,"column":4},"end":{"line":101,"column":56}},"5":{"start":{"line":111,"column":20},"end":{"line":112,"column":null}},"6":{"start":{"line":112,"column":22},"end":{"line":112,"column":59}},"7":{"start":{"line":115,"column":4},"end":{"line":118,"column":6}},"8":{"start":{"line":128,"column":4},"end":{"line":130,"column":6}},"9":{"start":{"line":129,"column":6},"end":{"line":129,"column":42}},"10":{"start":{"line":137,"column":4},"end":{"line":137,"column":48}},"11":{"start":{"line":144,"column":24},"end":{"line":144,"column":45}},"12":{"start":{"line":146,"column":4},"end":{"line":149,"column":7}},"13":{"start":{"line":147,"column":24},"end":{"line":147,"column":53}},"14":{"start":{"line":148,"column":6},"end":{"line":148,"column":57}},"15":{"start":{"line":148,"column":34},"end":{"line":148,"column":55}},"16":{"start":{"line":151,"column":4},"end":{"line":151,"column":35}},"17":{"start":{"line":161,"column":28},"end":{"line":161,"column":63}},"18":{"start":{"line":162,"column":4},"end":{"line":162,"column":48}},"19":{"start":{"line":169,"column":27},"end":{"line":169,"column":48}},"20":{"start":{"line":171,"column":4},"end":{"line":173,"column":7}},"21":{"start":{"line":172,"column":6},"end":{"line":172,"column":62}},"22":{"start":{"line":172,"column":36},"end":{"line":172,"column":60}},"23":{"start":{"line":175,"column":4},"end":{"line":175,"column":38}},"24":{"start":{"line":187,"column":4},"end":{"line":189,"column":5}},"25":{"start":{"line":188,"column":6},"end":{"line":188,"column":18}},"26":{"start":{"line":192,"column":4},"end":{"line":192,"column":69}},"27":{"start":{"line":202,"column":4},"end":{"line":202,"column":30}},"28":{"start":{"line":215,"column":4},"end":{"line":217,"column":5}},"29":{"start":{"line":216,"column":6},"end":{"line":216,"column":18}},"30":{"start":{"line":220,"column":4},"end":{"line":222,"column":5}},"31":{"start":{"line":221,"column":6},"end":{"line":221,"column":18}},"32":{"start":{"line":224,"column":4},"end":{"line":224,"column":17}},"33":{"start":{"line":237,"column":4},"end":{"line":239,"column":5}},"34":{"start":{"line":238,"column":6},"end":{"line":238,"column":18}},"35":{"start":{"line":242,"column":4},"end":{"line":244,"column":5}},"36":{"start":{"line":243,"column":6},"end":{"line":243,"column":18}},"37":{"start":{"line":246,"column":4},"end":{"line":246,"column":17}},"38":{"start":{"line":253,"column":25},"end":{"line":253,"column":61}},"39":{"start":{"line":254,"column":4},"end":{"line":256,"column":5}},"40":{"start":{"line":255,"column":6},"end":{"line":255,"column":68}},"41":{"start":{"line":263,"column":25},"end":{"line":263,"column":61}},"42":{"start":{"line":264,"column":4},"end":{"line":267,"column":6}},"43":{"start":{"line":266,"column":33},"end":{"line":266,"column":49}},"44":{"start":{"line":274,"column":30},"end":{"line":274,"column":32}},"45":{"start":{"line":276,"column":4},"end":{"line":280,"column":7}},"46":{"start":{"line":277,"column":6},"end":{"line":279,"column":7}},"47":{"start":{"line":278,"column":8},"end":{"line":278,"column":25}},"48":{"start":{"line":282,"column":4},"end":{"line":282,"column":17}},"49":{"start":{"line":16,"column":13},"end":{"line":16,"column":30}},"50":{"start":{"line":16,"column":13},"end":{"line":284,"column":null}}},"fnMap":{"0":{"name":"(anonymous_0)","decl":{"start":{"line":16,"column":7},"end":{"line":16,"column":13}},"loc":{"start":{"line":16,"column":7},"end":{"line":284,"column":1}}},"1":{"name":"(anonymous_1)","decl":{"start":{"line":97,"column":2},"end":{"line":97,"column":15}},"loc":{"start":{"line":99,"column":34},"end":{"line":102,"column":3}}},"2":{"name":"(anonymous_2)","decl":{"start":{"line":107,"column":2},"end":{"line":107,"column":19}},"loc":{"start":{"line":109,"column":37},"end":{"line":119,"column":3}}},"3":{"name":"(anonymous_3)","decl":{"start":{"line":112,"column":6},"end":{"line":112,"column":7}},"loc":{"start":{"line":112,"column":22},"end":{"line":112,"column":59}}},"4":{"name":"(anonymous_4)","decl":{"start":{"line":124,"column":2},"end":{"line":124,"column":18}},"loc":{"start":{"line":126,"column":37},"end":{"line":131,"column":3}}},"5":{"name":"(anonymous_5)","decl":{"start":{"line":128,"column":36},"end":{"line":128,"column":37}},"loc":{"start":{"line":129,"column":6},"end":{"line":129,"column":42}}},"6":{"name":"(anonymous_6)","decl":{"start":{"line":136,"column":2},"end":{"line":136,"column":20}},"loc":{"start":{"line":136,"column":35},"end":{"line":138,"column":3}}},"7":{"name":"(anonymous_7)","decl":{"start":{"line":143,"column":2},"end":{"line":143,"column":21}},"loc":{"start":{"line":143,"column":39},"end":{"line":152,"column":3}}},"8":{"name":"(anonymous_8)","decl":{"start":{"line":146,"column":18},"end":{"line":146,"column":19}},"loc":{"start":{"line":146,"column":27},"end":{"line":149,"column":5}}},"9":{"name":"(anonymous_9)","decl":{"start":{"line":148,"column":24},"end":{"line":148,"column":25}},"loc":{"start":{"line":148,"column":34},"end":{"line":148,"column":55}}},"10":{"name":"(anonymous_10)","decl":{"start":{"line":157,"column":2},"end":{"line":157,"column":23}},"loc":{"start":{"line":159,"column":26},"end":{"line":163,"column":3}}},"11":{"name":"(anonymous_11)","decl":{"start":{"line":168,"column":2},"end":{"line":168,"column":19}},"loc":{"start":{"line":168,"column":19},"end":{"line":176,"column":3}}},"12":{"name":"(anonymous_12)","decl":{"start":{"line":171,"column":33},"end":{"line":171,"column":34}},"loc":{"start":{"line":171,"column":49},"end":{"line":173,"column":5}}},"13":{"name":"(anonymous_13)","decl":{"start":{"line":172,"column":26},"end":{"line":172,"column":27}},"loc":{"start":{"line":172,"column":36},"end":{"line":172,"column":60}}},"14":{"name":"(anonymous_14)","decl":{"start":{"line":181,"column":2},"end":{"line":181,"column":32}},"loc":{"start":{"line":184,"column":34},"end":{"line":193,"column":3}}},"15":{"name":"(anonymous_15)","decl":{"start":{"line":198,"column":2},"end":{"line":198,"column":27}},"loc":{"start":{"line":200,"column":56},"end":{"line":203,"column":3}}},"16":{"name":"(anonymous_16)","decl":{"start":{"line":208,"column":2},"end":{"line":208,"column":24}},"loc":{"start":{"line":212,"column":50},"end":{"line":225,"column":3}}},"17":{"name":"(anonymous_17)","decl":{"start":{"line":230,"column":2},"end":{"line":230,"column":25}},"loc":{"start":{"line":234,"column":53},"end":{"line":247,"column":3}}},"18":{"name":"(anonymous_18)","decl":{"start":{"line":252,"column":2},"end":{"line":252,"column":23}},"loc":{"start":{"line":252,"column":62},"end":{"line":257,"column":3}}},"19":{"name":"(anonymous_19)","decl":{"start":{"line":262,"column":2},"end":{"line":262,"column":26}},"loc":{"start":{"line":262,"column":65},"end":{"line":268,"column":3}}},"20":{"name":"(anonymous_20)","decl":{"start":{"line":266,"column":26},"end":{"line":266,"column":27}},"loc":{"start":{"line":266,"column":33},"end":{"line":266,"column":49}}},"21":{"name":"(anonymous_21)","decl":{"start":{"line":273,"column":2},"end":{"line":273,"column":24}},"loc":{"start":{"line":273,"column":47},"end":{"line":283,"column":3}}},"22":{"name":"(anonymous_22)","decl":{"start":{"line":276,"column":33},"end":{"line":276,"column":34}},"loc":{"start":{"line":276,"column":55},"end":{"line":280,"column":5}}}},"branchMap":{"0":{"loc":{"start":{"line":137,"column":11},"end":{"line":137,"column":47}},"type":"binary-expr","locations":[{"start":{"line":137,"column":11},"end":{"line":137,"column":41}},{"start":{"line":137,"column":45},"end":{"line":137,"column":47}}]},"1":{"loc":{"start":{"line":187,"column":4},"end":{"line":189,"column":5}},"type":"if","locations":[{"start":{"line":187,"column":4},"end":{"line":189,"column":5}},{"start":{},"end":{}}]},"2":{"loc":{"start":{"line":212,"column":4},"end":{"line":212,"column":50}},"type":"default-arg","locations":[{"start":{"line":212,"column":34},"end":{"line":212,"column":50}}]},"3":{"loc":{"start":{"line":215,"column":4},"end":{"line":217,"column":5}},"type":"if","locations":[{"start":{"line":215,"column":4},"end":{"line":217,"column":5}},{"start":{},"end":{}}]},"4":{"loc":{"start":{"line":220,"column":4},"end":{"line":222,"column":5}},"type":"if","locations":[{"start":{"line":220,"column":4},"end":{"line":222,"column":5}},{"start":{},"end":{}}]},"5":{"loc":{"start":{"line":234,"column":4},"end":{"line":234,"column":53}},"type":"default-arg","locations":[{"start":{"line":234,"column":37},"end":{"line":234,"column":53}}]},"6":{"loc":{"start":{"line":237,"column":4},"end":{"line":239,"column":5}},"type":"if","locations":[{"start":{"line":237,"column":4},"end":{"line":239,"column":5}},{"start":{},"end":{}}]},"7":{"loc":{"start":{"line":242,"column":4},"end":{"line":244,"column":5}},"type":"if","locations":[{"start":{"line":242,"column":4},"end":{"line":244,"column":5}},{"start":{},"end":{}}]},"8":{"loc":{"start":{"line":253,"column":25},"end":{"line":253,"column":61}},"type":"binary-expr","locations":[{"start":{"line":253,"column":25},"end":{"line":253,"column":55}},{"start":{"line":253,"column":59},"end":{"line":253,"column":61}}]},"9":{"loc":{"start":{"line":254,"column":4},"end":{"line":256,"column":5}},"type":"if","locations":[{"start":{"line":254,"column":4},"end":{"line":256,"column":5}},{"start":{},"end":{}}]},"10":{"loc":{"start":{"line":263,"column":25},"end":{"line":263,"column":61}},"type":"binary-expr","locations":[{"start":{"line":263,"column":25},"end":{"line":263,"column":55}},{"start":{"line":263,"column":59},"end":{"line":263,"column":61}}]},"11":{"loc":{"start":{"line":277,"column":6},"end":{"line":279,"column":7}},"type":"if","locations":[{"start":{"line":277,"column":6},"end":{"line":279,"column":7}},{"start":{},"end":{}}]}},"s":{"0":1,"1":1,"2":1,"3":44,"4":3,"5":4,"6":6,"7":4,"8":3,"9":4,"10":19,"11":8,"12":8,"13":10,"14":10,"15":100,"16":8,"17":5,"18":5,"19":2,"20":2,"21":8,"22":102,"23":2,"24":3,"25":1,"26":2,"27":3,"28":4,"29":1,"30":3,"31":2,"32":1,"33":4,"34":1,"35":3,"36":2,"37":1,"38":2,"39":2,"40":1,"41":2,"42":2,"43":21,"44":3,"45":3,"46":12,"47":3,"48":3,"49":1,"50":1},"f":{"0":44,"1":3,"2":4,"3":6,"4":3,"5":4,"6":19,"7":8,"8":10,"9":100,"10":5,"11":2,"12":8,"13":102,"14":3,"15":3,"16":4,"17":4,"18":2,"19":2,"20":21,"21":3,"22":12},"b":{"0":[19,1],"1":[1,2],"2":[3],"3":[1,3],"4":[2,1],"5":[3],"6":[1,3],"7":[2,1],"8":[2,0],"9":[1,1],"10":[2,0],"11":[3,9]}}
,"/mnt/d/Code/AI-Recruitment-Clerk/libs/user-management-domain/src/roles/role.service.ts": {"path":"/mnt/d/Code/AI-Recruitment-Clerk/libs/user-management-domain/src/roles/role.service.ts","statementMap":{"0":{"start":{"line":1,"column":0},"end":{"line":1,"column":null}},"1":{"start":{"line":7,"column":0},"end":{"line":7,"column":48}},"2":{"start":{"line":62,"column":7},"end":{"line":346,"column":null}},"3":{"start":{"line":65,"column":21},"end":{"line":65,"column":51}},"4":{"start":{"line":67,"column":21},"end":{"line":67,"column":67}},"5":{"start":{"line":81,"column":25},"end":{"line":81,"column":74}},"6":{"start":{"line":82,"column":4},"end":{"line":86,"column":5}},"7":{"start":{"line":83,"column":6},"end":{"line":85,"column":8}},"8":{"start":{"line":88,"column":23},"end":{"line":98,"column":6}},"9":{"start":{"line":100,"column":4},"end":{"line":100,"column":44}},"10":{"start":{"line":107,"column":17},"end":{"line":107,"column":55}},"11":{"start":{"line":108,"column":4},"end":{"line":110,"column":5}},"12":{"start":{"line":109,"column":6},"end":{"line":109,"column":66}},"13":{"start":{"line":111,"column":4},"end":{"line":111,"column":16}},"14":{"start":{"line":118,"column":17},"end":{"line":118,"column":57}},"15":{"start":{"line":119,"column":4},"end":{"line":121,"column":5}},"16":{"start":{"line":120,"column":6},"end":{"line":120,"column":68}},"17":{"start":{"line":122,"column":4},"end":{"line":122,"column":16}},"18":{"start":{"line":129,"column":4},"end":{"line":129,"column":41}},"19":{"start":{"line":139,"column":17},"end":{"line":139,"column":55}},"20":{"start":{"line":140,"column":4},"end":{"line":142,"column":5}},"21":{"start":{"line":141,"column":6},"end":{"line":141,"column":66}},"22":{"start":{"line":145,"column":4},"end":{"line":147,"column":5}},"23":{"start":{"line":146,"column":6},"end":{"line":146,"column":72}},"24":{"start":{"line":149,"column":24},"end":{"line":153,"column":6}},"25":{"start":{"line":155,"column":4},"end":{"line":155,"column":55}},"26":{"start":{"line":162,"column":17},"end":{"line":162,"column":55}},"27":{"start":{"line":163,"column":4},"end":{"line":165,"column":5}},"28":{"start":{"line":164,"column":6},"end":{"line":164,"column":66}},"29":{"start":{"line":167,"column":4},"end":{"line":169,"column":5}},"30":{"start":{"line":168,"column":6},"end":{"line":168,"column":65}},"31":{"start":{"line":171,"column":4},"end":{"line":171,"column":41}},"32":{"start":{"line":183,"column":17},"end":{"line":183,"column":59}},"33":{"start":{"line":184,"column":4},"end":{"line":186,"column":5}},"34":{"start":{"line":185,"column":6},"end":{"line":185,"column":70}},"35":{"start":{"line":188,"column":39},"end":{"line":193,"column":6}},"36":{"start":{"line":195,"column":4},"end":{"line":195,"column":60}},"37":{"start":{"line":202,"column":20},"end":{"line":202,"column":78}},"38":{"start":{"line":203,"column":4},"end":{"line":205,"column":5}},"39":{"start":{"line":204,"column":6},"end":{"line":204,"column":63}},"40":{"start":{"line":212,"column":24},"end":{"line":212,"column":76}},"41":{"start":{"line":213,"column":26},"end":{"line":213,"column":28}},"42":{"start":{"line":215,"column":4},"end":{"line":220,"column":5}},"43":{"start":{"line":216,"column":19},"end":{"line":216,"column":72}},"44":{"start":{"line":217,"column":6},"end":{"line":219,"column":7}},"45":{"start":{"line":218,"column":8},"end":{"line":218,"column":25}},"46":{"start":{"line":222,"column":4},"end":{"line":222,"column":17}},"47":{"start":{"line":229,"column":24},"end":{"line":229,"column":76}},"48":{"start":{"line":230,"column":4},"end":{"line":230,"column":44}},"49":{"start":{"line":230,"column":34},"end":{"line":230,"column":42}},"50":{"start":{"line":237,"column":17},"end":{"line":237,"column":59}},"51":{"start":{"line":238,"column":4},"end":{"line":240,"column":5}},"52":{"start":{"line":239,"column":6},"end":{"line":239,"column":70}},"53":{"start":{"line":242,"column":4},"end":{"line":245,"column":7}},"54":{"start":{"line":252,"column":4},"end":{"line":252,"column":45}},"55":{"start":{"line":259,"column":4},"end":{"line":259,"column":55}},"56":{"start":{"line":267,"column":4},"end":{"line":267,"column":57}},"57":{"start":{"line":274,"column":18},"end":{"line":274,"column":53}},"58":{"start":{"line":275,"column":4},"end":{"line":275,"column":69}},"59":{"start":{"line":275,"column":32},"end":{"line":275,"column":67}},"60":{"start":{"line":288,"column":9},"end":{"line":317,"column":6}},"61":{"start":{"line":319,"column":4},"end":{"line":330,"column":5}},"62":{"start":{"line":320,"column":23},"end":{"line":320,"column":72}},"63":{"start":{"line":321,"column":6},"end":{"line":329,"column":7}},"64":{"start":{"line":322,"column":8},"end":{"line":328,"column":11}},"65":{"start":{"line":337,"column":4},"end":{"line":337,"column":63}},"66":{"start":{"line":344,"column":4},"end":{"line":344,"column":75}},"67":{"start":{"line":62,"column":13},"end":{"line":62,"column":24}},"68":{"start":{"line":62,"column":13},"end":{"line":346,"column":null}}},"fnMap":{"0":{"name":"(anonymous_0)","decl":{"start":{"line":63,"column":2},"end":{"line":63,"column":null}},"loc":{"start":{"line":67,"column":67},"end":{"line":68,"column":6}}},"1":{"name":"(anonymous_1)","decl":{"start":{"line":73,"column":2},"end":{"line":73,"column":7}},"loc":{"start":{"line":79,"column":3},"end":{"line":101,"column":3}}},"2":{"name":"(anonymous_2)","decl":{"start":{"line":106,"column":2},"end":{"line":106,"column":7}},"loc":{"start":{"line":106,"column":27},"end":{"line":112,"column":3}}},"3":{"name":"(anonymous_3)","decl":{"start":{"line":117,"column":2},"end":{"line":117,"column":7}},"loc":{"start":{"line":117,"column":31},"end":{"line":123,"column":3}}},"4":{"name":"(anonymous_4)","decl":{"start":{"line":128,"column":2},"end":{"line":128,"column":7}},"loc":{"start":{"line":128,"column":15},"end":{"line":130,"column":3}}},"5":{"name":"(anonymous_5)","decl":{"start":{"line":135,"column":2},"end":{"line":135,"column":7}},"loc":{"start":{"line":137,"column":52},"end":{"line":156,"column":3}}},"6":{"name":"(anonymous_6)","decl":{"start":{"line":161,"column":2},"end":{"line":161,"column":7}},"loc":{"start":{"line":161,"column":29},"end":{"line":172,"column":3}}},"7":{"name":"(anonymous_7)","decl":{"start":{"line":177,"column":2},"end":{"line":177,"column":7}},"loc":{"start":{"line":180,"column":23},"end":{"line":196,"column":3}}},"8":{"name":"(anonymous_8)","decl":{"start":{"line":201,"column":2},"end":{"line":201,"column":7}},"loc":{"start":{"line":201,"column":49},"end":{"line":206,"column":3}}},"9":{"name":"(anonymous_9)","decl":{"start":{"line":211,"column":2},"end":{"line":211,"column":7}},"loc":{"start":{"line":211,"column":35},"end":{"line":223,"column":3}}},"10":{"name":"(anonymous_10)","decl":{"start":{"line":228,"column":2},"end":{"line":228,"column":7}},"loc":{"start":{"line":228,"column":39},"end":{"line":231,"column":3}}},"11":{"name":"(anonymous_11)","decl":{"start":{"line":230,"column":27},"end":{"line":230,"column":28}},"loc":{"start":{"line":230,"column":34},"end":{"line":230,"column":42}}},"12":{"name":"(anonymous_12)","decl":{"start":{"line":236,"column":2},"end":{"line":236,"column":7}},"loc":{"start":{"line":236,"column":37},"end":{"line":246,"column":3}}},"13":{"name":"(anonymous_13)","decl":{"start":{"line":251,"column":2},"end":{"line":251,"column":7}},"loc":{"start":{"line":251,"column":22},"end":{"line":253,"column":3}}},"14":{"name":"(anonymous_14)","decl":{"start":{"line":258,"column":2},"end":{"line":258,"column":20}},"loc":{"start":{"line":258,"column":45},"end":{"line":260,"column":3}}},"15":{"name":"(anonymous_15)","decl":{"start":{"line":265,"column":2},"end":{"line":265,"column":15}},"loc":{"start":{"line":265,"column":48},"end":{"line":268,"column":3}}},"16":{"name":"(anonymous_16)","decl":{"start":{"line":273,"column":2},"end":{"line":273,"column":7}},"loc":{"start":{"line":273,"column":24},"end":{"line":276,"column":3}}},"17":{"name":"(anonymous_17)","decl":{"start":{"line":275,"column":22},"end":{"line":275,"column":23}},"loc":{"start":{"line":275,"column":32},"end":{"line":275,"column":67}}},"18":{"name":"(anonymous_18)","decl":{"start":{"line":281,"column":2},"end":{"line":281,"column":7}},"loc":{"start":{"line":281,"column":30},"end":{"line":331,"column":3}}},"19":{"name":"(anonymous_19)","decl":{"start":{"line":336,"column":2},"end":{"line":336,"column":7}},"loc":{"start":{"line":336,"column":37},"end":{"line":338,"column":3}}},"20":{"name":"(anonymous_20)","decl":{"start":{"line":343,"column":10},"end":{"line":343,"column":20}},"loc":{"start":{"line":343,"column":20},"end":{"line":345,"column":3}}}},"branchMap":{"0":{"loc":{"start":{"line":82,"column":4},"end":{"line":86,"column":5}},"type":"if","locations":[{"start":{"line":82,"column":4},"end":{"line":86,"column":5}},{"start":{},"end":{}}]},"1":{"loc":{"start":{"line":94,"column":22},"end":{"line":94,"column":50}},"type":"binary-expr","locations":[{"start":{"line":94,"column":22},"end":{"line":94,"column":45}},{"start":{"line":94,"column":49},"end":{"line":94,"column":50}}]},"2":{"loc":{"start":{"line":108,"column":4},"end":{"line":110,"column":5}},"type":"if","locations":[{"start":{"line":108,"column":4},"end":{"line":110,"column":5}},{"start":{},"end":{}}]},"3":{"loc":{"start":{"line":119,"column":4},"end":{"line":121,"column":5}},"type":"if","locations":[{"start":{"line":119,"column":4},"end":{"line":121,"column":5}},{"start":{},"end":{}}]},"4":{"loc":{"start":{"line":140,"column":4},"end":{"line":142,"column":5}},"type":"if","locations":[{"start":{"line":140,"column":4},"end":{"line":142,"column":5}},{"start":{},"end":{}}]},"5":{"loc":{"start":{"line":145,"column":4},"end":{"line":147,"column":5}},"type":"if","locations":[{"start":{"line":145,"column":4},"end":{"line":147,"column":5}},{"start":{},"end":{}}]},"6":{"loc":{"start":{"line":145,"column":8},"end":{"line":145,"column":65}},"type":"binary-expr","locations":[{"start":{"line":145,"column":8},"end":{"line":145,"column":22}},{"start":{"line":145,"column":26},"end":{"line":145,"column":37}},{"start":{"line":145,"column":41},"end":{"line":145,"column":65}}]},"7":{"loc":{"start":{"line":163,"column":4},"end":{"line":165,"column":5}},"type":"if","locations":[{"start":{"line":163,"column":4},"end":{"line":165,"column":5}},{"start":{},"end":{}}]},"8":{"loc":{"start":{"line":167,"column":4},"end":{"line":169,"column":5}},"type":"if","locations":[{"start":{"line":167,"column":4},"end":{"line":169,"column":5}},{"start":{},"end":{}}]},"9":{"loc":{"start":{"line":184,"column":4},"end":{"line":186,"column":5}},"type":"if","locations":[{"start":{"line":184,"column":4},"end":{"line":186,"column":5}},{"start":{},"end":{}}]},"10":{"loc":{"start":{"line":203,"column":4},"end":{"line":205,"column":5}},"type":"if","locations":[{"start":{"line":203,"column":4},"end":{"line":205,"column":5}},{"start":{},"end":{}}]},"11":{"loc":{"start":{"line":217,"column":6},"end":{"line":219,"column":7}},"type":"if","locations":[{"start":{"line":217,"column":6},"end":{"line":219,"column":7}},{"start":{},"end":{}}]},"12":{"loc":{"start":{"line":238,"column":4},"end":{"line":240,"column":5}},"type":"if","locations":[{"start":{"line":238,"column":4},"end":{"line":240,"column":5}},{"start":{},"end":{}}]},"13":{"loc":{"start":{"line":321,"column":6},"end":{"line":329,"column":7}},"type":"if","locations":[{"start":{"line":321,"column":6},"end":{"line":329,"column":7}},{"start":{},"end":{}}]}},"s":{"0":1,"1":1,"2":1,"3":38,"4":38,"5":3,"6":3,"7":1,"8":2,"9":2,"10":2,"11":2,"12":1,"13":1,"14":2,"15":2,"16":1,"17":1,"18":2,"19":4,"20":4,"21":1,"22":3,"23":1,"24":2,"25":2,"26":3,"27":3,"28":1,"29":2,"30":1,"31":1,"32":2,"33":2,"34":1,"35":1,"36":1,"37":2,"38":2,"39":1,"40":2,"41":2,"42":2,"43":3,"44":3,"45":2,"46":2,"47":2,"48":2,"49":2,"50":2,"51":2,"52":1,"53":1,"54":2,"55":6,"56":3,"57":1,"58":1,"59":4,"60":2,"61":2,"62":8,"63":8,"64":4,"65":1,"66":6,"67":1,"68":1},"f":{"0":38,"1":3,"2":2,"3":2,"4":2,"5":4,"6":3,"7":2,"8":2,"9":2,"10":2,"11":2,"12":2,"13":2,"14":6,"15":3,"16":1,"17":4,"18":2,"19":1,"20":6},"b":{"0":[1,2],"1":[2,1],"2":[1,1],"3":[1,1],"4":[1,3],"5":[1,2],"6":[3,1,1],"7":[1,2],"8":[1,1],"9":[1,1],"10":[1,1],"11":[2,1],"12":[1,1],"13":[4,4]}}
,"/mnt/d/Code/AI-Recruitment-Clerk/libs/user-management-domain/src/services/user.service.ts": {"path":"/mnt/d/Code/AI-Recruitment-Clerk/libs/user-management-domain/src/services/user.service.ts","statementMap":{"0":{"start":{"line":1,"column":0},"end":{"line":1,"column":null}},"1":{"start":{"line":8,"column":0},"end":{"line":8,"column":47}},"2":{"start":{"line":9,"column":0},"end":{"line":9,"column":null}},"3":{"start":{"line":40,"column":7},"end":{"line":326,"column":null}},"4":{"start":{"line":43,"column":21},"end":{"line":43,"column":51}},"5":{"start":{"line":51,"column":23},"end":{"line":56,"column":6}},"6":{"start":{"line":58,"column":4},"end":{"line":60,"column":5}},"7":{"start":{"line":59,"column":6},"end":{"line":59,"column":66}},"8":{"start":{"line":63,"column":25},"end":{"line":63,"column":73}},"9":{"start":{"line":64,"column":4},"end":{"line":66,"column":5}},"10":{"start":{"line":65,"column":6},"end":{"line":65,"column":73}},"11":{"start":{"line":69,"column":25},"end":{"line":69,"column":56}},"12":{"start":{"line":72,"column":17},"end":{"line":83,"column":6}},"13":{"start":{"line":85,"column":22},"end":{"line":85,"column":60}},"14":{"start":{"line":86,"column":4},"end":{"line":86,"column":33}},"15":{"start":{"line":93,"column":17},"end":{"line":93,"column":55}},"16":{"start":{"line":94,"column":4},"end":{"line":96,"column":5}},"17":{"start":{"line":95,"column":6},"end":{"line":95,"column":66}},"18":{"start":{"line":97,"column":4},"end":{"line":97,"column":28}},"19":{"start":{"line":104,"column":17},"end":{"line":104,"column":61}},"20":{"start":{"line":105,"column":4},"end":{"line":105,"column":42}},"21":{"start":{"line":117,"column":27},"end":{"line":120,"column":6}},"22":{"start":{"line":122,"column":4},"end":{"line":125,"column":6}},"23":{"start":{"line":123,"column":30},"end":{"line":123,"column":43}},"24":{"start":{"line":132,"column":17},"end":{"line":132,"column":55}},"25":{"start":{"line":133,"column":4},"end":{"line":135,"column":5}},"26":{"start":{"line":134,"column":6},"end":{"line":134,"column":66}},"27":{"start":{"line":138,"column":4},"end":{"line":143,"column":5}},"28":{"start":{"line":139,"column":27},"end":{"line":139,"column":75}},"29":{"start":{"line":140,"column":6},"end":{"line":142,"column":7}},"30":{"start":{"line":141,"column":8},"end":{"line":141,"column":75}},"31":{"start":{"line":146,"column":4},"end":{"line":152,"column":5}},"32":{"start":{"line":147,"column":6},"end":{"line":151,"column":7}},"33":{"start":{"line":148,"column":8},"end":{"line":150,"column":10}},"34":{"start":{"line":155,"column":35},"end":{"line":155,"column":37}},"35":{"start":{"line":157,"column":4},"end":{"line":157,"column":71}},"36":{"start":{"line":157,"column":37},"end":{"line":157,"column":71}},"37":{"start":{"line":158,"column":4},"end":{"line":158,"column":68}},"38":{"start":{"line":158,"column":36},"end":{"line":158,"column":68}},"39":{"start":{"line":159,"column":4},"end":{"line":159,"column":59}},"40":{"start":{"line":159,"column":33},"end":{"line":159,"column":59}},"41":{"start":{"line":160,"column":4},"end":{"line":161,"column":50}},"42":{"start":{"line":161,"column":6},"end":{"line":161,"column":50}},"43":{"start":{"line":162,"column":4},"end":{"line":162,"column":56}},"44":{"start":{"line":162,"column":32},"end":{"line":162,"column":56}},"45":{"start":{"line":163,"column":4},"end":{"line":166,"column":5}},"46":{"start":{"line":164,"column":6},"end":{"line":164,"column":34}},"47":{"start":{"line":165,"column":6},"end":{"line":165,"column":58}},"48":{"start":{"line":168,"column":4},"end":{"line":168,"column":35}},"49":{"start":{"line":170,"column":24},"end":{"line":170,"column":69}},"50":{"start":{"line":171,"column":4},"end":{"line":171,"column":35}},"51":{"start":{"line":178,"column":17},"end":{"line":178,"column":55}},"52":{"start":{"line":179,"column":4},"end":{"line":181,"column":5}},"53":{"start":{"line":180,"column":6},"end":{"line":180,"column":66}},"54":{"start":{"line":183,"column":4},"end":{"line":183,"column":41}},"55":{"start":{"line":193,"column":18},"end":{"line":193,"column":73}},"56":{"start":{"line":194,"column":4},"end":{"line":194,"column":43}},"57":{"start":{"line":194,"column":28},"end":{"line":194,"column":41}},"58":{"start":{"line":204,"column":18},"end":{"line":206,"column":null}},"59":{"start":{"line":208,"column":4},"end":{"line":208,"column":43}},"60":{"start":{"line":208,"column":28},"end":{"line":208,"column":41}},"61":{"start":{"line":215,"column":4},"end":{"line":215,"column":62}},"62":{"start":{"line":222,"column":4},"end":{"line":222,"column":64}},"63":{"start":{"line":229,"column":4},"end":{"line":229,"column":65}},"64":{"start":{"line":238,"column":18},"end":{"line":238,"column":19}},"65":{"start":{"line":239,"column":17},"end":{"line":239,"column":18}},"66":{"start":{"line":241,"column":4},"end":{"line":250,"column":6}},"67":{"start":{"line":243,"column":8},"end":{"line":248,"column":9}},"68":{"start":{"line":244,"column":10},"end":{"line":244,"column":38}},"69":{"start":{"line":245,"column":10},"end":{"line":245,"column":20}},"70":{"start":{"line":247,"column":10},"end":{"line":247,"column":19}},"71":{"start":{"line":252,"column":4},"end":{"line":252,"column":31}},"72":{"start":{"line":261,"column":18},"end":{"line":261,"column":19}},"73":{"start":{"line":262,"column":17},"end":{"line":262,"column":18}},"74":{"start":{"line":264,"column":4},"end":{"line":273,"column":6}},"75":{"start":{"line":266,"column":8},"end":{"line":271,"column":9}},"76":{"start":{"line":267,"column":10},"end":{"line":267,"column":40}},"77":{"start":{"line":268,"column":10},"end":{"line":268,"column":20}},"78":{"start":{"line":270,"column":10},"end":{"line":270,"column":19}},"79":{"start":{"line":275,"column":4},"end":{"line":275,"column":31}},"80":{"start":{"line":284,"column":18},"end":{"line":284,"column":19}},"81":{"start":{"line":285,"column":17},"end":{"line":285,"column":18}},"82":{"start":{"line":287,"column":4},"end":{"line":296,"column":6}},"83":{"start":{"line":289,"column":8},"end":{"line":294,"column":9}},"84":{"start":{"line":290,"column":10},"end":{"line":290,"column":36}},"85":{"start":{"line":291,"column":10},"end":{"line":291,"column":20}},"86":{"start":{"line":293,"column":10},"end":{"line":293,"column":19}},"87":{"start":{"line":298,"column":4},"end":{"line":298,"column":31}},"88":{"start":{"line":305,"column":4},"end":{"line":317,"column":6}},"89":{"start":{"line":324,"column":4},"end":{"line":324,"column":75}},"90":{"start":{"line":40,"column":13},"end":{"line":40,"column":24}},"91":{"start":{"line":40,"column":13},"end":{"line":326,"column":null}}},"fnMap":{"0":{"name":"(anonymous_0)","decl":{"start":{"line":41,"column":2},"end":{"line":41,"column":null}},"loc":{"start":{"line":43,"column":51},"end":{"line":44,"column":6}}},"1":{"name":"(anonymous_1)","decl":{"start":{"line":49,"column":2},"end":{"line":49,"column":7}},"loc":{"start":{"line":49,"column":37},"end":{"line":87,"column":3}}},"2":{"name":"(anonymous_2)","decl":{"start":{"line":92,"column":2},"end":{"line":92,"column":7}},"loc":{"start":{"line":92,"column":27},"end":{"line":98,"column":3}}},"3":{"name":"(anonymous_3)","decl":{"start":{"line":103,"column":2},"end":{"line":103,"column":7}},"loc":{"start":{"line":103,"column":33},"end":{"line":106,"column":3}}},"4":{"name":"(anonymous_4)","decl":{"start":{"line":111,"column":2},"end":{"line":111,"column":7}},"loc":{"start":{"line":112,"column":75},"end":{"line":126,"column":3}}},"5":{"name":"(anonymous_5)","decl":{"start":{"line":123,"column":23},"end":{"line":123,"column":24}},"loc":{"start":{"line":123,"column":30},"end":{"line":123,"column":43}}},"6":{"name":"(anonymous_6)","decl":{"start":{"line":131,"column":2},"end":{"line":131,"column":7}},"loc":{"start":{"line":131,"column":49},"end":{"line":172,"column":3}}},"7":{"name":"(anonymous_7)","decl":{"start":{"line":177,"column":2},"end":{"line":177,"column":7}},"loc":{"start":{"line":177,"column":29},"end":{"line":184,"column":3}}},"8":{"name":"(anonymous_8)","decl":{"start":{"line":189,"column":2},"end":{"line":189,"column":7}},"loc":{"start":{"line":191,"column":27},"end":{"line":195,"column":3}}},"9":{"name":"(anonymous_9)","decl":{"start":{"line":194,"column":21},"end":{"line":194,"column":22}},"loc":{"start":{"line":194,"column":28},"end":{"line":194,"column":41}}},"10":{"name":"(anonymous_10)","decl":{"start":{"line":200,"column":2},"end":{"line":200,"column":7}},"loc":{"start":{"line":202,"column":27},"end":{"line":209,"column":3}}},"11":{"name":"(anonymous_11)","decl":{"start":{"line":208,"column":21},"end":{"line":208,"column":22}},"loc":{"start":{"line":208,"column":28},"end":{"line":208,"column":41}}},"12":{"name":"(anonymous_12)","decl":{"start":{"line":214,"column":2},"end":{"line":214,"column":7}},"loc":{"start":{"line":214,"column":31},"end":{"line":216,"column":3}}},"13":{"name":"(anonymous_13)","decl":{"start":{"line":221,"column":2},"end":{"line":221,"column":7}},"loc":{"start":{"line":221,"column":33},"end":{"line":223,"column":3}}},"14":{"name":"(anonymous_14)","decl":{"start":{"line":228,"column":2},"end":{"line":228,"column":7}},"loc":{"start":{"line":228,"column":30},"end":{"line":230,"column":3}}},"15":{"name":"(anonymous_15)","decl":{"start":{"line":235,"column":2},"end":{"line":235,"column":7}},"loc":{"start":{"line":236,"column":17},"end":{"line":253,"column":3}}},"16":{"name":"(anonymous_16)","decl":{"start":{"line":242,"column":14},"end":{"line":242,"column":19}},"loc":{"start":{"line":242,"column":27},"end":{"line":249,"column":7}}},"17":{"name":"(anonymous_17)","decl":{"start":{"line":258,"column":2},"end":{"line":258,"column":7}},"loc":{"start":{"line":259,"column":17},"end":{"line":276,"column":3}}},"18":{"name":"(anonymous_18)","decl":{"start":{"line":265,"column":14},"end":{"line":265,"column":19}},"loc":{"start":{"line":265,"column":27},"end":{"line":272,"column":7}}},"19":{"name":"(anonymous_19)","decl":{"start":{"line":281,"column":2},"end":{"line":281,"column":7}},"loc":{"start":{"line":282,"column":17},"end":{"line":299,"column":3}}},"20":{"name":"(anonymous_20)","decl":{"start":{"line":288,"column":14},"end":{"line":288,"column":19}},"loc":{"start":{"line":288,"column":27},"end":{"line":295,"column":7}}},"21":{"name":"(anonymous_21)","decl":{"start":{"line":304,"column":10},"end":{"line":304,"column":15}},"loc":{"start":{"line":304,"column":26},"end":{"line":318,"column":3}}},"22":{"name":"(anonymous_22)","decl":{"start":{"line":323,"column":10},"end":{"line":323,"column":20}},"loc":{"start":{"line":323,"column":20},"end":{"line":325,"column":3}}}},"branchMap":{"0":{"loc":{"start":{"line":58,"column":4},"end":{"line":60,"column":5}},"type":"if","locations":[{"start":{"line":58,"column":4},"end":{"line":60,"column":5}},{"start":{},"end":{}}]},"1":{"loc":{"start":{"line":64,"column":4},"end":{"line":66,"column":5}},"type":"if","locations":[{"start":{"line":64,"column":4},"end":{"line":66,"column":5}},{"start":{},"end":{}}]},"2":{"loc":{"start":{"line":80,"column":12},"end":{"line":80,"column":37}},"type":"binary-expr","locations":[{"start":{"line":80,"column":12},"end":{"line":80,"column":20}},{"start":{"line":80,"column":24},"end":{"line":80,"column":37}}]},"3":{"loc":{"start":{"line":81,"column":14},"end":{"line":81,"column":46}},"type":"binary-expr","locations":[{"start":{"line":81,"column":14},"end":{"line":81,"column":24}},{"start":{"line":81,"column":28},"end":{"line":81,"column":46}}]},"4":{"loc":{"start":{"line":94,"column":4},"end":{"line":96,"column":5}},"type":"if","locations":[{"start":{"line":94,"column":4},"end":{"line":96,"column":5}},{"start":{},"end":{}}]},"5":{"loc":{"start":{"line":105,"column":11},"end":{"line":105,"column":41}},"type":"cond-expr","locations":[{"start":{"line":105,"column":18},"end":{"line":105,"column":34}},{"start":{"line":105,"column":37},"end":{"line":105,"column":41}}]},"6":{"loc":{"start":{"line":112,"column":4},"end":{"line":112,"column":75}},"type":"default-arg","locations":[{"start":{"line":112,"column":73},"end":{"line":112,"column":75}}]},"7":{"loc":{"start":{"line":133,"column":4},"end":{"line":135,"column":5}},"type":"if","locations":[{"start":{"line":133,"column":4},"end":{"line":135,"column":5}},{"start":{},"end":{}}]},"8":{"loc":{"start":{"line":138,"column":4},"end":{"line":143,"column":5}},"type":"if","locations":[{"start":{"line":138,"column":4},"end":{"line":143,"column":5}},{"start":{},"end":{}}]},"9":{"loc":{"start":{"line":138,"column":8},"end":{"line":138,"column":45}},"type":"binary-expr","locations":[{"start":{"line":138,"column":8},"end":{"line":138,"column":17}},{"start":{"line":138,"column":21},"end":{"line":138,"column":45}}]},"10":{"loc":{"start":{"line":140,"column":6},"end":{"line":142,"column":7}},"type":"if","locations":[{"start":{"line":140,"column":6},"end":{"line":142,"column":7}},{"start":{},"end":{}}]},"11":{"loc":{"start":{"line":146,"column":4},"end":{"line":152,"column":5}},"type":"if","locations":[{"start":{"line":146,"column":4},"end":{"line":152,"column":5}},{"start":{},"end":{}}]},"12":{"loc":{"start":{"line":146,"column":8},"end":{"line":146,"column":48}},"type":"binary-expr","locations":[{"start":{"line":146,"column":8},"end":{"line":146,"column":18}},{"start":{"line":146,"column":22},"end":{"line":146,"column":48}}]},"13":{"loc":{"start":{"line":147,"column":6},"end":{"line":151,"column":7}},"type":"if","locations":[{"start":{"line":147,"column":6},"end":{"line":151,"column":7}},{"start":{},"end":{}}]},"14":{"loc":{"start":{"line":157,"column":4},"end":{"line":157,"column":71}},"type":"if","locations":[{"start":{"line":157,"column":4},"end":{"line":157,"column":71}},{"start":{},"end":{}}]},"15":{"loc":{"start":{"line":158,"column":4},"end":{"line":158,"column":68}},"type":"if","locations":[{"start":{"line":158,"column":4},"end":{"line":158,"column":68}},{"start":{},"end":{}}]},"16":{"loc":{"start":{"line":159,"column":4},"end":{"line":159,"column":59}},"type":"if","locations":[{"start":{"line":159,"column":4},"end":{"line":159,"column":59}},{"start":{},"end":{}}]},"17":{"loc":{"start":{"line":160,"column":4},"end":{"line":161,"column":50}},"type":"if","locations":[{"start":{"line":160,"column":4},"end":{"line":161,"column":50}},{"start":{},"end":{}}]},"18":{"loc":{"start":{"line":162,"column":4},"end":{"line":162,"column":56}},"type":"if","locations":[{"start":{"line":162,"column":4},"end":{"line":162,"column":56}},{"start":{},"end":{}}]},"19":{"loc":{"start":{"line":163,"column":4},"end":{"line":166,"column":5}},"type":"if","locations":[{"start":{"line":163,"column":4},"end":{"line":166,"column":5}},{"start":{},"end":{}}]},"20":{"loc":{"start":{"line":179,"column":4},"end":{"line":181,"column":5}},"type":"if","locations":[{"start":{"line":179,"column":4},"end":{"line":181,"column":5}},{"start":{},"end":{}}]}},"s":{"0":1,"1":1,"2":1,"3":1,"4":29,"5":6,"6":6,"7":1,"8":5,"9":5,"10":1,"11":4,"12":4,"13":4,"14":4,"15":2,"16":2,"17":1,"18":1,"19":2,"20":2,"21":2,"22":2,"23":3,"24":13,"25":13,"26":2,"27":11,"28":1,"29":1,"30":1,"31":10,"32":9,"33":1,"34":9,"35":9,"36":1,"37":9,"38":1,"39":9,"40":0,"41":9,"42":0,"43":9,"44":0,"45":9,"46":8,"47":8,"48":9,"49":9,"50":9,"51":6,"52":6,"53":2,"54":4,"55":2,"56":2,"57":2,"58":1,"59":1,"60":1,"61":5,"62":3,"63":1,"64":2,"65":2,"66":2,"67":4,"68":4,"69":3,"70":1,"71":2,"72":1,"73":1,"74":1,"75":2,"76":2,"77":2,"78":0,"79":1,"80":2,"81":2,"82":2,"83":4,"84":4,"85":3,"86":1,"87":2,"88":21,"89":4,"90":1,"91":1},"f":{"0":29,"1":6,"2":2,"3":2,"4":2,"5":3,"6":13,"7":6,"8":2,"9":2,"10":1,"11":1,"12":5,"13":3,"14":1,"15":2,"16":4,"17":1,"18":2,"19":2,"20":4,"21":21,"22":4},"b":{"0":[1,5],"1":[1,4],"2":[4,1],"3":[4,4],"4":[1,1],"5":[1,1],"6":[0],"7":[2,11],"8":[1,10],"9":[11,1],"10":[1,0],"11":[9,1],"12":[10,9],"13":[1,8],"14":[1,8],"15":[1,8],"16":[0,9],"17":[0,9],"18":[0,9],"19":[8,1],"20":[2,4]}}
}
