TN:
SF:libs/user-management-domain/src/index.ts
FN:135,(anonymous_0)
FN:387,(anonymous_1)
FN:394,(anonymous_2)
FN:408,hasAllPermissions
FN:420,(anonymous_4)
FNF:5
FNH:3
FNDA:4,(anonymous_0)
FNDA:4,(anonymous_1)
FNDA:4,(anonymous_2)
FNDA:0,hasAllPermissions
FNDA:0,(anonymous_4)
DA:10,4
DA:11,4
DA:12,4
DA:135,4
DA:138,4
DA:140,4
DA:142,4
DA:144,4
DA:146,4
DA:148,4
DA:152,4
DA:154,4
DA:156,4
DA:158,4
DA:160,4
DA:162,4
DA:164,4
DA:168,4
DA:170,4
DA:172,4
DA:174,4
DA:176,4
DA:178,4
DA:180,4
DA:182,4
DA:184,4
DA:186,4
DA:188,4
DA:190,4
DA:192,4
DA:194,4
DA:196,4
DA:198,4
DA:200,4
DA:202,4
DA:204,4
DA:206,4
DA:208,4
DA:210,4
DA:212,4
DA:387,4
DA:388,4
DA:389,4
DA:390,4
DA:391,4
DA:394,4
DA:395,4
DA:396,4
DA:397,4
DA:398,4
DA:408,4
DA:412,0
DA:413,0
DA:416,0
DA:417,0
DA:420,0
DA:421,0
LF:57
LH:51
BRDA:135,0,0,4
BRDA:135,0,1,4
BRDA:387,1,0,4
BRDA:387,1,1,4
BRDA:394,2,0,4
BRDA:394,2,1,4
BRDA:409,3,0,0
BRDA:410,4,0,0
BRDA:412,5,0,0
BRDA:412,5,1,0
BRDA:412,6,0,0
BRDA:412,6,1,0
BRDA:416,7,0,0
BRDA:416,7,1,0
BRDA:416,8,0,0
BRDA:416,8,1,0
BRF:16
BRH:6
end_of_record
TN:
SF:libs/user-management-domain/src/entities/user.entity.ts
FN:69,(anonymous_0)
FN:78,(anonymous_1)
FN:107,(anonymous_2)
FN:116,(anonymous_3)
FN:123,(anonymous_4)
FN:156,(anonymous_5)
FN:165,(anonymous_6)
FN:174,(anonymous_7)
FN:183,(anonymous_8)
FN:197,(anonymous_9)
FN:207,(anonymous_10)
FN:55,(anonymous_11)
FN:59,(anonymous_12)
FNF:13
FNH:11
FNDA:30,(anonymous_0)
FNDA:15,(anonymous_1)
FNDA:13,(anonymous_2)
FNDA:2,(anonymous_3)
FNDA:6,(anonymous_4)
FNDA:1,(anonymous_5)
FNDA:1,(anonymous_6)
FNDA:1,(anonymous_7)
FNDA:8,(anonymous_8)
FNDA:3,(anonymous_9)
FNDA:1,(anonymous_10)
FNDA:0,(anonymous_11)
FNDA:0,(anonymous_12)
DA:1,2
DA:11,2
DA:12,2
DA:17,2
DA:19,2
DA:22,2
DA:26,2
DA:30,2
DA:34,2
DA:38,2
DA:42,2
DA:46,2
DA:49,30
DA:52,30
DA:55,0
DA:56,2
DA:59,0
DA:60,2
DA:64,2
DA:70,30
DA:71,30
DA:72,30
DA:84,15
DA:86,15
DA:87,1
DA:88,14
DA:89,2
DA:92,15
DA:93,1
DA:94,14
DA:95,2
DA:96,12
DA:97,3
DA:100,15
DA:109,13
DA:110,13
DA:117,2
DA:128,6
DA:130,6
DA:131,4
DA:132,2
DA:134,2
DA:138,6
DA:139,2
DA:142,6
DA:143,2
DA:146,6
DA:147,4
DA:150,6
DA:157,1
DA:158,1
DA:159,1
DA:166,1
DA:167,1
DA:168,1
DA:175,1
DA:176,1
DA:177,1
DA:184,8
DA:191,8
DA:198,3
DA:199,1
DA:201,2
DA:208,1
LF:64
LH:62
BRDA:71,0,0,30
BRDA:71,0,1,30
BRDA:72,1,0,30
BRDA:72,1,1,30
BRDA:86,2,0,1
BRDA:86,2,1,14
BRDA:88,3,0,2
BRDA:88,3,1,12
BRDA:92,4,0,1
BRDA:92,4,1,14
BRDA:94,5,0,2
BRDA:94,5,1,12
BRDA:96,6,0,3
BRDA:96,6,1,9
BRDA:130,7,0,4
BRDA:130,7,1,2
BRDA:131,8,0,2
BRDA:131,8,1,2
BRDA:138,9,0,2
BRDA:138,9,1,4
BRDA:142,10,0,2
BRDA:142,10,1,4
BRDA:146,11,0,4
BRDA:146,11,1,2
BRDA:191,12,0,8
BRDA:191,12,1,0
BRDA:198,13,0,1
BRDA:198,13,1,2
BRDA:198,14,0,3
BRDA:198,14,1,1
BRDA:201,15,0,2
BRDA:201,15,1,1
BRF:32
BRH:31
end_of_record
TN:
SF:libs/user-management-domain/src/permissions/permission.service.ts
FN:16,(anonymous_0)
FN:97,(anonymous_1)
FN:107,(anonymous_2)
FN:112,(anonymous_3)
FN:124,(anonymous_4)
FN:128,(anonymous_5)
FN:136,(anonymous_6)
FN:143,(anonymous_7)
FN:146,(anonymous_8)
FN:148,(anonymous_9)
FN:157,(anonymous_10)
FN:168,(anonymous_11)
FN:171,(anonymous_12)
FN:172,(anonymous_13)
FN:181,(anonymous_14)
FN:198,(anonymous_15)
FN:208,(anonymous_16)
FN:230,(anonymous_17)
FN:252,(anonymous_18)
FN:262,(anonymous_19)
FN:266,(anonymous_20)
FN:273,(anonymous_21)
FN:276,(anonymous_22)
FNF:23
FNH:23
FNDA:44,(anonymous_0)
FNDA:3,(anonymous_1)
FNDA:4,(anonymous_2)
FNDA:6,(anonymous_3)
FNDA:3,(anonymous_4)
FNDA:4,(anonymous_5)
FNDA:19,(anonymous_6)
FNDA:8,(anonymous_7)
FNDA:10,(anonymous_8)
FNDA:100,(anonymous_9)
FNDA:5,(anonymous_10)
FNDA:2,(anonymous_11)
FNDA:8,(anonymous_12)
FNDA:102,(anonymous_13)
FNDA:3,(anonymous_14)
FNDA:3,(anonymous_15)
FNDA:4,(anonymous_16)
FNDA:4,(anonymous_17)
FNDA:2,(anonymous_18)
FNDA:2,(anonymous_19)
FNDA:21,(anonymous_20)
FNDA:3,(anonymous_21)
FNDA:12,(anonymous_22)
DA:1,1
DA:2,1
DA:16,1
DA:20,44
DA:101,3
DA:111,4
DA:112,6
DA:115,4
DA:128,3
DA:129,4
DA:137,19
DA:144,8
DA:146,8
DA:147,10
DA:148,100
DA:151,8
DA:161,5
DA:162,5
DA:169,2
DA:171,2
DA:172,102
DA:175,2
DA:187,3
DA:188,1
DA:192,2
DA:202,3
DA:215,4
DA:216,1
DA:220,3
DA:221,2
DA:224,1
DA:237,4
DA:238,1
DA:242,3
DA:243,2
DA:246,1
DA:253,2
DA:254,2
DA:255,1
DA:263,2
DA:264,2
DA:266,21
DA:274,3
DA:276,3
DA:277,12
DA:278,3
DA:282,3
LF:47
LH:47
BRDA:137,0,0,19
BRDA:137,0,1,1
BRDA:187,1,0,1
BRDA:187,1,1,2
BRDA:212,2,0,3
BRDA:215,3,0,1
BRDA:215,3,1,3
BRDA:220,4,0,2
BRDA:220,4,1,1
BRDA:234,5,0,3
BRDA:237,6,0,1
BRDA:237,6,1,3
BRDA:242,7,0,2
BRDA:242,7,1,1
BRDA:253,8,0,2
BRDA:253,8,1,0
BRDA:254,9,0,1
BRDA:254,9,1,1
BRDA:263,10,0,2
BRDA:263,10,1,0
BRDA:277,11,0,3
BRDA:277,11,1,9
BRF:22
BRH:20
end_of_record
TN:
SF:libs/user-management-domain/src/roles/role.service.ts
FN:63,(anonymous_0)
FN:73,(anonymous_1)
FN:106,(anonymous_2)
FN:117,(anonymous_3)
FN:128,(anonymous_4)
FN:135,(anonymous_5)
FN:161,(anonymous_6)
FN:177,(anonymous_7)
FN:201,(anonymous_8)
FN:211,(anonymous_9)
FN:228,(anonymous_10)
FN:230,(anonymous_11)
FN:236,(anonymous_12)
FN:251,(anonymous_13)
FN:258,(anonymous_14)
FN:265,(anonymous_15)
FN:273,(anonymous_16)
FN:275,(anonymous_17)
FN:281,(anonymous_18)
FN:336,(anonymous_19)
FN:343,(anonymous_20)
FNF:21
FNH:21
FNDA:38,(anonymous_0)
FNDA:3,(anonymous_1)
FNDA:2,(anonymous_2)
FNDA:2,(anonymous_3)
FNDA:2,(anonymous_4)
FNDA:4,(anonymous_5)
FNDA:3,(anonymous_6)
FNDA:2,(anonymous_7)
FNDA:2,(anonymous_8)
FNDA:2,(anonymous_9)
FNDA:2,(anonymous_10)
FNDA:2,(anonymous_11)
FNDA:2,(anonymous_12)
FNDA:2,(anonymous_13)
FNDA:6,(anonymous_14)
FNDA:3,(anonymous_15)
FNDA:1,(anonymous_16)
FNDA:4,(anonymous_17)
FNDA:2,(anonymous_18)
FNDA:1,(anonymous_19)
FNDA:6,(anonymous_20)
DA:1,1
DA:7,1
DA:62,1
DA:65,38
DA:67,38
DA:81,3
DA:82,3
DA:83,1
DA:88,2
DA:100,2
DA:107,2
DA:108,2
DA:109,1
DA:111,1
DA:118,2
DA:119,2
DA:120,1
DA:122,1
DA:129,2
DA:139,4
DA:140,4
DA:141,1
DA:145,3
DA:146,1
DA:149,2
DA:155,2
DA:162,3
DA:163,3
DA:164,1
DA:167,2
DA:168,1
DA:171,1
DA:183,2
DA:184,2
DA:185,1
DA:188,1
DA:195,1
DA:202,2
DA:203,2
DA:204,1
DA:212,2
DA:213,2
DA:215,2
DA:216,3
DA:217,3
DA:218,2
DA:222,2
DA:229,2
DA:230,2
DA:237,2
DA:238,2
DA:239,1
DA:242,1
DA:252,2
DA:259,6
DA:267,3
DA:274,1
DA:275,4
DA:288,2
DA:319,2
DA:320,8
DA:321,8
DA:322,4
DA:337,1
DA:344,6
LF:65
LH:65
BRDA:82,0,0,1
BRDA:82,0,1,2
BRDA:94,1,0,2
BRDA:94,1,1,1
BRDA:108,2,0,1
BRDA:108,2,1,1
BRDA:119,3,0,1
BRDA:119,3,1,1
BRDA:140,4,0,1
BRDA:140,4,1,3
BRDA:145,5,0,1
BRDA:145,5,1,2
BRDA:145,6,0,3
BRDA:145,6,1,1
BRDA:145,6,2,1
BRDA:163,7,0,1
BRDA:163,7,1,2
BRDA:167,8,0,1
BRDA:167,8,1,1
BRDA:184,9,0,1
BRDA:184,9,1,1
BRDA:203,10,0,1
BRDA:203,10,1,1
BRDA:217,11,0,2
BRDA:217,11,1,1
BRDA:238,12,0,1
BRDA:238,12,1,1
BRDA:321,13,0,4
BRDA:321,13,1,4
BRF:29
BRH:29
end_of_record
TN:
SF:libs/user-management-domain/src/services/user.service.ts
FN:41,(anonymous_0)
FN:49,(anonymous_1)
FN:92,(anonymous_2)
FN:103,(anonymous_3)
FN:111,(anonymous_4)
FN:123,(anonymous_5)
FN:131,(anonymous_6)
FN:177,(anonymous_7)
FN:189,(anonymous_8)
FN:194,(anonymous_9)
FN:200,(anonymous_10)
FN:208,(anonymous_11)
FN:214,(anonymous_12)
FN:221,(anonymous_13)
FN:228,(anonymous_14)
FN:235,(anonymous_15)
FN:242,(anonymous_16)
FN:258,(anonymous_17)
FN:265,(anonymous_18)
FN:281,(anonymous_19)
FN:288,(anonymous_20)
FN:304,(anonymous_21)
FN:323,(anonymous_22)
FNF:23
FNH:23
FNDA:29,(anonymous_0)
FNDA:6,(anonymous_1)
FNDA:2,(anonymous_2)
FNDA:2,(anonymous_3)
FNDA:2,(anonymous_4)
FNDA:3,(anonymous_5)
FNDA:13,(anonymous_6)
FNDA:6,(anonymous_7)
FNDA:2,(anonymous_8)
FNDA:2,(anonymous_9)
FNDA:1,(anonymous_10)
FNDA:1,(anonymous_11)
FNDA:5,(anonymous_12)
FNDA:3,(anonymous_13)
FNDA:1,(anonymous_14)
FNDA:2,(anonymous_15)
FNDA:4,(anonymous_16)
FNDA:1,(anonymous_17)
FNDA:2,(anonymous_18)
FNDA:2,(anonymous_19)
FNDA:4,(anonymous_20)
FNDA:21,(anonymous_21)
FNDA:4,(anonymous_22)
DA:1,1
DA:8,1
DA:9,1
DA:40,1
DA:43,29
DA:51,6
DA:58,6
DA:59,1
DA:63,5
DA:64,5
DA:65,1
DA:69,4
DA:72,4
DA:85,4
DA:86,4
DA:93,2
DA:94,2
DA:95,1
DA:97,1
DA:104,2
DA:105,2
DA:117,2
DA:122,2
DA:123,3
DA:132,13
DA:133,13
DA:134,2
DA:138,11
DA:139,1
DA:140,1
DA:141,1
DA:146,10
DA:147,9
DA:148,1
DA:155,9
DA:157,9
DA:158,9
DA:159,9
DA:160,9
DA:161,0
DA:162,9
DA:163,9
DA:164,8
DA:165,8
DA:168,9
DA:170,9
DA:171,9
DA:178,6
DA:179,6
DA:180,2
DA:183,4
DA:193,2
DA:194,2
DA:204,1
DA:208,1
DA:215,5
DA:222,3
DA:229,1
DA:238,2
DA:239,2
DA:241,2
DA:243,4
DA:244,4
DA:245,3
DA:247,1
DA:252,2
DA:261,1
DA:262,1
DA:264,1
DA:266,2
DA:267,2
DA:268,2
DA:270,0
DA:275,1
DA:284,2
DA:285,2
DA:287,2
DA:289,4
DA:290,4
DA:291,3
DA:293,1
DA:298,2
DA:305,21
DA:324,4
LF:84
LH:82
BRDA:58,0,0,1
BRDA:58,0,1,5
BRDA:64,1,0,1
BRDA:64,1,1,4
BRDA:80,2,0,4
BRDA:80,2,1,1
BRDA:81,3,0,4
BRDA:81,3,1,4
BRDA:94,4,0,1
BRDA:94,4,1,1
BRDA:105,5,0,1
BRDA:105,5,1,1
BRDA:112,6,0,0
BRDA:133,7,0,2
BRDA:133,7,1,11
BRDA:138,8,0,1
BRDA:138,8,1,10
BRDA:138,9,0,11
BRDA:138,9,1,1
BRDA:140,10,0,1
BRDA:140,10,1,0
BRDA:146,11,0,9
BRDA:146,11,1,1
BRDA:146,12,0,10
BRDA:146,12,1,9
BRDA:147,13,0,1
BRDA:147,13,1,8
BRDA:157,14,0,1
BRDA:157,14,1,8
BRDA:158,15,0,1
BRDA:158,15,1,8
BRDA:159,16,0,0
BRDA:159,16,1,9
BRDA:160,17,0,0
BRDA:160,17,1,9
BRDA:162,18,0,0
BRDA:162,18,1,9
BRDA:163,19,0,8
BRDA:163,19,1,1
BRDA:179,20,0,2
BRDA:179,20,1,4
BRF:41
BRH:36
end_of_record
